<?xml version="1.0" encoding="UTF-8"?>
<!-- Generated by org.testng.reporters.JUnitReportReporter -->
<testsuite hostname="DESKTOP-7VJE66H" name="DDtesting.SirCSV" tests="1" failures="0" timestamp="12 Apr 2022 07:10:20 GMT" time="110.903" errors="0">
  <testcase name="locatorsTestingBlog" time="110.903" classname="DDtesting.SirCSV"/>
</testsuite> <!-- DDtesting.SirCSV -->
